<?xml version="1.0" encoding="UTF-8"?>
<testsuite name="agh.ii.printjava.lab00.lst00_01.CalcTest" tests="1" skipped="0" failures="0" errors="0" timestamp="2021-10-21T19:39:07" hostname="LAPTOP-0D9TPA78" time="0.019">
  <properties/>
  <testcase name="onePlusTwoIsThree()" classname="agh.ii.printjava.lab00.lst00_01.CalcTest" time="0.019"/>
  <system-out><![CDATA[CalcTest.setUp...
CalcTest.tearDown...
]]></system-out>
  <system-err><![CDATA[]]></system-err>
</testsuite>
